<?xml version="1.0" encoding="UTF-8"?>
<testsuite xmlns:xsi="http://www.w3.org/2001/XMLSchema-instance" xsi:noNamespaceSchemaLocation="https://maven.apache.org/surefire/maven-surefire-plugin/xsd/surefire-test-report.xsd" name="com.jyan.JblogApplicationTests" time="9.797" tests="7" errors="2" skipped="0" failures="0">
  <properties>
[...]
</properties>
  <testcase name="getById" classname="com.jyan.JblogApplicationTests" time="1.006"/>
  <testcase name="getuser" classname="com.jyan.JblogApplicationTests" time="0.125"/>
  <testcase name="se" classname="com.jyan.JblogApplicationTests" time="0.014"/>
  <testcase name="sss" classname="com.jyan.JblogApplicationTests" time="0.019">
    <error message="Invalid bound statement (not found): com.jyan.mapper.ArticleMapper.selectAByCN" type="org.apache.ibatis.binding.BindingException">org.apache.ibatis.binding.BindingException: Invalid bound statement (not found): com.jyan.mapper.ArticleMapper.selectAByCN
	at com.jyan.JblogApplicationTests.sss(JblogApplicationTests.java:27)
</error>
  </testcase>
  <testcase name="list" classname="com.jyan.JblogApplicationTests" time="0.03"/>
  <testcase name="inser" classname="com.jyan.JblogApplicationTests" time="0.16">
    <error message="&#10;### Error updating database.  Cause: java.sql.SQLIntegrityConstraintViolationException: Duplicate entry &apos;2&apos; for key &apos;article.PRIMARY&apos;&#10;### The error may exist in com/jyan/mapper/ArticleMapper.java (best guess)&#10;### The error may involve com.jyan.mapper.ArticleMapper.insert-Inline&#10;### The error occurred while setting parameters&#10;### SQL: INSERT INTO article  ( id, title, content, category_id, summary, created_time )  VALUES  ( ?, ?, ?, ?, ?, ? )&#10;### Cause: java.sql.SQLIntegrityConstraintViolationException: Duplicate entry &apos;2&apos; for key &apos;article.PRIMARY&apos;&#10;; Duplicate entry &apos;2&apos; for key &apos;article.PRIMARY&apos;; nested exception is java.sql.SQLIntegrityConstraintViolationException: Duplicate entry &apos;2&apos; for key &apos;article.PRIMARY&apos;" type="org.springframework.dao.DuplicateKeyException">org.springframework.dao.DuplicateKeyException: 

### Error updating database.  Cause: java.sql.SQLIntegrityConstraintViolationException: Duplicate entry '2' for key 'article.PRIMARY'
### The error may exist in com/jyan/mapper/ArticleMapper.java (best guess)
### The error may involve com.jyan.mapper.ArticleMapper.insert-Inline
### The error occurred while setting parameters
### SQL: INSERT INTO article  ( id, title, content, category_id, summary, created_time )  VALUES  ( ?, ?, ?, ?, ?, ? )
### Cause: java.sql.SQLIntegrityConstraintViolationException: Duplicate entry '2' for key 'article.PRIMARY'
; Duplicate entry '2' for key 'article.PRIMARY'; nested exception is java.sql.SQLIntegrityConstraintViolationException: Duplicate entry '2' for key 'article.PRIMARY'
	at com.jyan.JblogApplicationTests.inser(JblogApplicationTests.java:74)
Caused by: java.sql.SQLIntegrityConstraintViolationException: Duplicate entry '2' for key 'article.PRIMARY'
	at com.jyan.JblogApplicationTests.inser(JblogApplicationTests.java:74)
</error>
  </testcase>
  <testcase name="contextLoads" classname="com.jyan.JblogApplicationTests" time="0.017"/>
</testsuite>